commit hash: a9c143c9f7b7175c80579a432a086b7ee78c6407
diff --git a/nemo/collections/asr/parts/__pycache__/manifest.cpython-36.pyc b/nemo/collections/asr/parts/__pycache__/manifest.cpython-36.pyc
index 1c5e35b..1d4459c 100644
Binary files a/nemo/collections/asr/parts/__pycache__/manifest.cpython-36.pyc and b/nemo/collections/asr/parts/__pycache__/manifest.cpython-36.pyc differ
diff --git a/nemo/core/__pycache__/callbacks.cpython-36.pyc b/nemo/core/__pycache__/callbacks.cpython-36.pyc
index acaa9ec..397b5c7 100644
Binary files a/nemo/core/__pycache__/callbacks.cpython-36.pyc and b/nemo/core/__pycache__/callbacks.cpython-36.pyc differ
diff --git a/nemo/core/__pycache__/neural_factory.cpython-36.pyc b/nemo/core/__pycache__/neural_factory.cpython-36.pyc
index 8b4c63d..fb31784 100644
Binary files a/nemo/core/__pycache__/neural_factory.cpython-36.pyc and b/nemo/core/__pycache__/neural_factory.cpython-36.pyc differ
diff --git a/train.py b/train.py
index 9246093..9332ae9 100644
--- a/train.py
+++ b/train.py
@@ -7,11 +7,11 @@ from functools import partial
 # các file json dùng để train
 train_dataset = "/workspace/nemo_asr/json/vlsp2020_train_set_01.json"
 train_dataset += ",/workspace/nemo_asr/json/vlsp2020_train_set_02.json"
-train_dataset +=",/workspace/nemo_asr/json/vivos_train.json"
+#train_dataset +=",/workspace/nemo_asr/json/vivos_train.json"
 train_dataset += ",/workspace/nemo_asr/json/data_ctv.json"
-train_dataset += ",/workspace/nemo_asr/json/fpt_open_set001_train_clean.json"
-train_dataset += ",/workspace/nemo_asr/json/fpt_open_set001_test_clean.json"
-train_dataset += ",/workspace/nemo_asr/json/wavenet.json"
+#train_dataset += ",/workspace/nemo_asr/json/fpt_open_set001_train_clean.json"
+#train_dataset += ",/workspace/nemo_asr/json/fpt_open_set001_test_clean.json"
+#train_dataset += ",/workspace/nemo_asr/json/wavenet.json"
 
 # các file json dùng để valid
 eval_datasets = "/workspace/nemo_asr/json/vivos_test.json"
@@ -101,5 +101,5 @@ nf.train(
     tensors_to_optimize=[loss],
     callbacks=[train_callback, wandb_callback, eval_callback, saver_callback],
     optimizer="novograd",
-    optimization_params={ "num_epochs": 100, "lr": 0.01, "weight_decay": 1e-4, "betas": [0.8, 0.5] }
-    )
\ No newline at end of file
+    optimization_params={ "num_epochs": 100, "lr": 0.001, "weight_decay": 1e-6, "betas": [0.8, 0.5] }
+    )
